build/app/intermediates/manifest_merge_blame_file/debug/manifest-merger-blame-debug-report.txt
1<?xml version="1.0" encoding="utf-8"?>
2<manifest xmlns:android="http://schemas.android.com/apk/res/android"
3    package="com.example.myapp"
4    android:versionCode="1"
5    android:versionName="0.1.0" >
6
7    <uses-sdk
8        android:minSdkVersion="20"
9        android:targetSdkVersion="33" />
10    <!--
11         The INTERNET permission is required for development. Specifically,
12         the Flutter tool needs it to communicate with the running application
13         to allow setting breakpoints, to provide hot reload, etc.
14    -->
15    <uses-permission android:name="android.permission.INTERNET" />
15-->src/debug/AndroidManifest.xml:7:5-66
15-->src/debug/AndroidManifest.xml:7:22-64
16    <uses-permission android:name="android.permission.ACCESS_NETWORK_STATE" />
16-->[:firebase_analytics] AndroidManifest.xml:9:5-79
16-->[:firebase_analytics] AndroidManifest.xml:9:22-76
17    <uses-permission android:name="android.permission.WAKE_LOCK" /> <!-- Permissions options for the `notification` group -->
17-->[:firebase_analytics] AndroidManifest.xml:11:5-68
17-->[:firebase_analytics] AndroidManifest.xml:11:22-65
18    <uses-permission android:name="android.permission.POST_NOTIFICATIONS" />
18-->[:firebase_messaging] AndroidManifest.xml:13:5-77
18-->[:firebase_messaging] AndroidManifest.xml:13:22-74
19    <uses-permission android:name="android.permission.RECEIVE_BOOT_COMPLETED" />
19-->[:flutter_local_notifications] AndroidManifest.xml:9:5-81
19-->[:flutter_local_notifications] AndroidManifest.xml:9:22-78
20    <uses-permission android:name="android.permission.VIBRATE" />
20-->[:flutter_local_notifications] AndroidManifest.xml:10:5-66
20-->[:flutter_local_notifications] AndroidManifest.xml:10:22-63
21    <uses-permission android:name="android.permission.USE_FULL_SCREEN_INTENT" />
21-->[:flutter_local_notifications] AndroidManifest.xml:11:5-81
21-->[:flutter_local_notifications] AndroidManifest.xml:11:22-78
22    <uses-permission android:name="android.permission.SCHEDULE_EXACT_ALARM" />
22-->[:flutter_local_notifications] AndroidManifest.xml:12:5-79
22-->[:flutter_local_notifications] AndroidManifest.xml:12:22-76
23    <uses-permission android:name="android.permission.ACCESS_COARSE_LOCATION" />
23-->[:location] AndroidManifest.xml:9:5-81
23-->[:location] AndroidManifest.xml:9:22-78
24    <uses-permission android:name="android.permission.ACCESS_FINE_LOCATION" /> <!-- Create a unique permission for your app and use it so only your app can receive your OneSignal messages. -->
24-->[:location] AndroidManifest.xml:10:5-79
24-->[:location] AndroidManifest.xml:10:22-76
25    <permission
25-->[com.onesignal:OneSignal:4.8.5] AndroidManifest.xml:7:5-9:47
26        android:name="com.example.myapp.permission.C2D_MESSAGE"
26-->[com.onesignal:OneSignal:4.8.5] AndroidManifest.xml:8:9-63
27        android:protectionLevel="signature" />
27-->[com.onesignal:OneSignal:4.8.5] AndroidManifest.xml:9:9-44
28
29    <uses-permission android:name="com.example.myapp.permission.C2D_MESSAGE" /> <!-- c2dm RECEIVE are basic requirements for push messages through Google's FCM -->
29-->[com.onesignal:OneSignal:4.8.5] AndroidManifest.xml:11:5-79
29-->[com.onesignal:OneSignal:4.8.5] AndroidManifest.xml:11:22-76
30    <uses-permission android:name="com.google.android.c2dm.permission.RECEIVE" /> <!-- START: ShortcutBadger -->
30-->[com.onesignal:OneSignal:4.8.5] AndroidManifest.xml:18:5-82
30-->[com.onesignal:OneSignal:4.8.5] AndroidManifest.xml:18:22-79
31    <!-- Samsung -->
32    <uses-permission android:name="com.sec.android.provider.badge.permission.READ" />
32-->[com.onesignal:OneSignal:4.8.5] AndroidManifest.xml:32:5-86
32-->[com.onesignal:OneSignal:4.8.5] AndroidManifest.xml:32:22-83
33    <uses-permission android:name="com.sec.android.provider.badge.permission.WRITE" /> <!-- HTC -->
33-->[com.onesignal:OneSignal:4.8.5] AndroidManifest.xml:33:5-87
33-->[com.onesignal:OneSignal:4.8.5] AndroidManifest.xml:33:22-84
34    <uses-permission android:name="com.htc.launcher.permission.READ_SETTINGS" />
34-->[com.onesignal:OneSignal:4.8.5] AndroidManifest.xml:34:5-81
34-->[com.onesignal:OneSignal:4.8.5] AndroidManifest.xml:34:22-78
35    <uses-permission android:name="com.htc.launcher.permission.UPDATE_SHORTCUT" /> <!-- Sony -->
35-->[com.onesignal:OneSignal:4.8.5] AndroidManifest.xml:35:5-83
35-->[com.onesignal:OneSignal:4.8.5] AndroidManifest.xml:35:22-80
36    <uses-permission android:name="com.sonyericsson.home.permission.BROADCAST_BADGE" />
36-->[com.onesignal:OneSignal:4.8.5] AndroidManifest.xml:36:5-88
36-->[com.onesignal:OneSignal:4.8.5] AndroidManifest.xml:36:22-85
37    <uses-permission android:name="com.sonymobile.home.permission.PROVIDER_INSERT_BADGE" /> <!-- Apex -->
37-->[com.onesignal:OneSignal:4.8.5] AndroidManifest.xml:37:5-92
37-->[com.onesignal:OneSignal:4.8.5] AndroidManifest.xml:37:22-89
38    <uses-permission android:name="com.anddoes.launcher.permission.UPDATE_COUNT" /> <!-- Solid -->
38-->[com.onesignal:OneSignal:4.8.5] AndroidManifest.xml:38:5-84
38-->[com.onesignal:OneSignal:4.8.5] AndroidManifest.xml:38:22-81
39    <uses-permission android:name="com.majeur.launcher.permission.UPDATE_BADGE" /> <!-- Huawei -->
39-->[com.onesignal:OneSignal:4.8.5] AndroidManifest.xml:39:5-83
39-->[com.onesignal:OneSignal:4.8.5] AndroidManifest.xml:39:22-80
40    <uses-permission android:name="com.huawei.android.launcher.permission.CHANGE_BADGE" />
40-->[com.onesignal:OneSignal:4.8.5] AndroidManifest.xml:40:5-91
40-->[com.onesignal:OneSignal:4.8.5] AndroidManifest.xml:40:22-88
41    <uses-permission android:name="com.huawei.android.launcher.permission.READ_SETTINGS" />
41-->[com.onesignal:OneSignal:4.8.5] AndroidManifest.xml:41:5-92
41-->[com.onesignal:OneSignal:4.8.5] AndroidManifest.xml:41:22-89
42    <uses-permission android:name="com.huawei.android.launcher.permission.WRITE_SETTINGS" /> <!-- ZUK -->
42-->[com.onesignal:OneSignal:4.8.5] AndroidManifest.xml:42:5-93
42-->[com.onesignal:OneSignal:4.8.5] AndroidManifest.xml:42:22-90
43    <uses-permission android:name="android.permission.READ_APP_BADGE" /> <!-- OPPO -->
43-->[com.onesignal:OneSignal:4.8.5] AndroidManifest.xml:43:5-73
43-->[com.onesignal:OneSignal:4.8.5] AndroidManifest.xml:43:22-70
44    <uses-permission android:name="com.oppo.launcher.permission.READ_SETTINGS" />
44-->[com.onesignal:OneSignal:4.8.5] AndroidManifest.xml:44:5-82
44-->[com.onesignal:OneSignal:4.8.5] AndroidManifest.xml:44:22-79
45    <uses-permission android:name="com.oppo.launcher.permission.WRITE_SETTINGS" /> <!-- EvMe -->
45-->[com.onesignal:OneSignal:4.8.5] AndroidManifest.xml:45:5-83
45-->[com.onesignal:OneSignal:4.8.5] AndroidManifest.xml:45:22-80
46    <uses-permission android:name="me.everything.badger.permission.BADGE_COUNT_READ" />
46-->[com.onesignal:OneSignal:4.8.5] AndroidManifest.xml:46:5-88
46-->[com.onesignal:OneSignal:4.8.5] AndroidManifest.xml:46:22-85
47    <uses-permission android:name="me.everything.badger.permission.BADGE_COUNT_WRITE" />
47-->[com.onesignal:OneSignal:4.8.5] AndroidManifest.xml:47:5-89
47-->[com.onesignal:OneSignal:4.8.5] AndroidManifest.xml:47:22-86
48
49    <uses-feature
49-->[com.google.android.gms:play-services-maps:18.1.0] AndroidManifest.xml:26:5-28:35
50        android:glEsVersion="0x00020000"
50-->[com.google.android.gms:play-services-maps:18.1.0] AndroidManifest.xml:27:9-41
51        android:required="true" />
51-->[com.google.android.gms:play-services-maps:18.1.0] AndroidManifest.xml:28:9-32
52
53    <queries>
53-->[com.google.android.gms:play-services-maps:18.1.0] AndroidManifest.xml:30:5-34:15
54
55        <!-- Needs to be explicitly declared on Android R+ -->
56        <package android:name="com.google.android.apps.maps" />
56-->[com.google.android.gms:play-services-maps:18.1.0] AndroidManifest.xml:33:9-64
56-->[com.google.android.gms:play-services-maps:18.1.0] AndroidManifest.xml:33:18-61
57    </queries>
58
59    <uses-permission android:name="com.google.android.gms.permission.AD_ID" />
59-->[com.google.android.gms:play-services-measurement-api:21.2.2] AndroidManifest.xml:25:5-79
59-->[com.google.android.gms:play-services-measurement-api:21.2.2] AndroidManifest.xml:25:22-76
60    <uses-permission android:name="com.google.android.finsky.permission.BIND_GET_INSTALL_REFERRER_SERVICE" />
60-->[com.google.android.gms:play-services-measurement:21.2.2] AndroidManifest.xml:26:5-110
60-->[com.google.android.gms:play-services-measurement:21.2.2] AndroidManifest.xml:26:22-107
61    <uses-permission android:name="android.permission.FOREGROUND_SERVICE" />
61-->[androidx.work:work-runtime:2.7.1] AndroidManifest.xml:28:5-77
61-->[androidx.work:work-runtime:2.7.1] AndroidManifest.xml:28:22-74
62
63    <permission
63-->[androidx.core:core:1.10.1] AndroidManifest.xml:22:5-24:47
64        android:name="com.example.myapp.DYNAMIC_RECEIVER_NOT_EXPORTED_PERMISSION"
64-->[androidx.core:core:1.10.1] AndroidManifest.xml:23:9-81
65        android:protectionLevel="signature" />
65-->[androidx.core:core:1.10.1] AndroidManifest.xml:24:9-44
66
67    <uses-permission android:name="com.example.myapp.DYNAMIC_RECEIVER_NOT_EXPORTED_PERMISSION" />
67-->[androidx.core:core:1.10.1] AndroidManifest.xml:26:5-97
67-->[androidx.core:core:1.10.1] AndroidManifest.xml:26:22-94
68
69    <application
70        android:name="android.app.Application"
71        android:appComponentFactory="androidx.core.app.CoreComponentFactory"
71-->[androidx.core:core:1.10.1] AndroidManifest.xml:28:18-86
72        android:debuggable="true"
73        android:icon="@mipmap/ic_launcher"
74        android:label="SpaceXchange" >
75        <meta-data
76            android:name="com.google.android.geo.API_KEY"
77            android:value="AIzaSyAEJLJFz5lwHZvo6ONSJAVxY2tVTDRdwxM" />
78
79        <activity
80            android:name="com.example.myapp.MainActivity"
81            android:configChanges="orientation|keyboardHidden|keyboard|screenSize|smallestScreenSize|locale|layoutDirection|fontScale|screenLayout|density|uiMode"
82            android:exported="true"
83            android:hardwareAccelerated="true"
84            android:launchMode="singleTop"
85            android:theme="@style/LaunchTheme"
86            android:windowSoftInputMode="adjustResize" >
87
88            <!--
89                 Specifies an Android theme to apply to this Activity as soon as
90                 the Android process has started. This theme is visible to the user
91                 while the Flutter UI initializes. After that, this theme continues
92                 to determine the Window background behind the Flutter UI.
93            -->
94            <meta-data
95                android:name="io.flutter.embedding.android.NormalTheme"
96                android:resource="@style/NormalTheme" />
97
98            <intent-filter>
99                <action android:name="android.intent.action.MAIN" />
100
101                <category android:name="android.intent.category.LAUNCHER" />
102            </intent-filter>
103        </activity>
104        <!--
105             Don't delete the meta-data below.
106             This is used by the Flutter tool to generate GeneratedPluginRegistrant.java
107        -->
108        <meta-data
109            android:name="flutterEmbedding"
110            android:value="2" />
111        <meta-data
112            android:name="com.google.android.gms.car.application"
113            android:resource="@xml/automotive_app_desc" />
114
115        <service
115-->[:firebase_database] AndroidManifest.xml:10:9-14:19
116            android:name="com.google.firebase.components.ComponentDiscoveryService"
116-->[:firebase_database] AndroidManifest.xml:10:18-89
117            android:directBootAware="true"
117-->[com.google.firebase:firebase-common:20.3.2] AndroidManifest.xml:34:13-43
118            android:exported="false" >
118-->[com.google.firebase:firebase-auth:22.0.0] AndroidManifest.xml:68:13-37
119            <meta-data
119-->[:firebase_database] AndroidManifest.xml:11:13-13:85
120                android:name="com.google.firebase.components:io.flutter.plugins.firebase.database.FlutterFirebaseAppRegistrar"
120-->[:firebase_database] AndroidManifest.xml:12:17-127
121                android:value="com.google.firebase.components.ComponentRegistrar" />
121-->[:firebase_database] AndroidManifest.xml:13:17-82
122            <meta-data
122-->[:cloud_firestore] AndroidManifest.xml:11:13-13:85
123                android:name="com.google.firebase.components:io.flutter.plugins.firebase.firestore.FlutterFirebaseFirestoreRegistrar"
123-->[:cloud_firestore] AndroidManifest.xml:12:17-134
124                android:value="com.google.firebase.components.ComponentRegistrar" />
124-->[:cloud_firestore] AndroidManifest.xml:13:17-82
125            <meta-data
125-->[:firebase_analytics] AndroidManifest.xml:15:13-17:85
126                android:name="com.google.firebase.components:io.flutter.plugins.firebase.analytics.FlutterFirebaseAppRegistrar"
126-->[:firebase_analytics] AndroidManifest.xml:16:17-128
127                android:value="com.google.firebase.components.ComponentRegistrar" />
127-->[:firebase_analytics] AndroidManifest.xml:17:17-82
128            <meta-data
128-->[:firebase_auth] AndroidManifest.xml:11:13-13:85
129                android:name="com.google.firebase.components:io.flutter.plugins.firebase.auth.FlutterFirebaseAuthRegistrar"
129-->[:firebase_auth] AndroidManifest.xml:12:17-124
130                android:value="com.google.firebase.components.ComponentRegistrar" />
130-->[:firebase_auth] AndroidManifest.xml:13:17-82
131            <meta-data
131-->[:firebase_storage] AndroidManifest.xml:11:13-13:85
132                android:name="com.google.firebase.components:io.flutter.plugins.firebase.storage.FlutterFirebaseAppRegistrar"
132-->[:firebase_storage] AndroidManifest.xml:12:17-126
133                android:value="com.google.firebase.components.ComponentRegistrar" />
133-->[:firebase_storage] AndroidManifest.xml:13:17-82
134            <meta-data
134-->[:firebase_messaging] AndroidManifest.xml:38:13-40:85
135                android:name="com.google.firebase.components:io.flutter.plugins.firebase.messaging.FlutterFirebaseAppRegistrar"
135-->[:firebase_messaging] AndroidManifest.xml:39:17-128
136                android:value="com.google.firebase.components.ComponentRegistrar" />
136-->[:firebase_messaging] AndroidManifest.xml:40:17-82
137            <meta-data
137-->[:firebase_core] AndroidManifest.xml:11:13-13:85
138                android:name="com.google.firebase.components:io.flutter.plugins.firebase.core.FlutterFirebaseCoreRegistrar"
138-->[:firebase_core] AndroidManifest.xml:12:17-124
139                android:value="com.google.firebase.components.ComponentRegistrar" />
139-->[:firebase_core] AndroidManifest.xml:13:17-82
140            <meta-data
140-->[com.google.firebase:firebase-auth:22.0.0] AndroidManifest.xml:69:13-71:85
141                android:name="com.google.firebase.components:com.google.firebase.auth.FirebaseAuthRegistrar"
141-->[com.google.firebase:firebase-auth:22.0.0] AndroidManifest.xml:70:17-109
142                android:value="com.google.firebase.components.ComponentRegistrar" />
142-->[com.google.firebase:firebase-auth:22.0.0] AndroidManifest.xml:71:17-82
143            <meta-data
143-->[com.google.firebase:firebase-iid:21.1.0] AndroidManifest.xml:32:13-34:85
144                android:name="com.google.firebase.components:com.google.firebase.iid.Registrar"
144-->[com.google.firebase:firebase-iid:21.1.0] AndroidManifest.xml:33:17-96
145                android:value="com.google.firebase.components.ComponentRegistrar" />
145-->[com.google.firebase:firebase-iid:21.1.0] AndroidManifest.xml:34:17-82
146            <meta-data
146-->[com.google.firebase:firebase-firestore:24.6.0] AndroidManifest.xml:19:13-21:85
147                android:name="com.google.firebase.components:com.google.firebase.firestore.FirestoreRegistrar"
147-->[com.google.firebase:firebase-firestore:24.6.0] AndroidManifest.xml:20:17-111
148                android:value="com.google.firebase.components.ComponentRegistrar" />
148-->[com.google.firebase:firebase-firestore:24.6.0] AndroidManifest.xml:21:17-82
149            <meta-data
149-->[com.google.firebase:firebase-messaging:23.1.2] AndroidManifest.xml:55:13-57:85
150                android:name="com.google.firebase.components:com.google.firebase.messaging.FirebaseMessagingRegistrar"
150-->[com.google.firebase:firebase-messaging:23.1.2] AndroidManifest.xml:56:17-119
151                android:value="com.google.firebase.components.ComponentRegistrar" />
151-->[com.google.firebase:firebase-messaging:23.1.2] AndroidManifest.xml:57:17-82
152            <meta-data
152-->[com.google.firebase:firebase-storage:20.2.0] AndroidManifest.xml:32:13-34:85
153                android:name="com.google.firebase.components:com.google.firebase.storage.StorageRegistrar"
153-->[com.google.firebase:firebase-storage:20.2.0] AndroidManifest.xml:33:17-107
154                android:value="com.google.firebase.components.ComponentRegistrar" />
154-->[com.google.firebase:firebase-storage:20.2.0] AndroidManifest.xml:34:17-82
155            <meta-data
155-->[com.google.firebase:firebase-database:20.2.1] AndroidManifest.xml:31:13-33:85
156                android:name="com.google.firebase.components:com.google.firebase.database.DatabaseRegistrar"
156-->[com.google.firebase:firebase-database:20.2.1] AndroidManifest.xml:32:17-109
157                android:value="com.google.firebase.components.ComponentRegistrar" />
157-->[com.google.firebase:firebase-database:20.2.1] AndroidManifest.xml:33:17-82
158            <meta-data
158-->[com.google.android.gms:play-services-measurement-api:21.2.2] AndroidManifest.xml:31:13-33:85
159                android:name="com.google.firebase.components:com.google.firebase.analytics.connector.internal.AnalyticsConnectorRegistrar"
159-->[com.google.android.gms:play-services-measurement-api:21.2.2] AndroidManifest.xml:32:17-139
160                android:value="com.google.firebase.components.ComponentRegistrar" />
160-->[com.google.android.gms:play-services-measurement-api:21.2.2] AndroidManifest.xml:33:17-82
161            <meta-data
161-->[com.google.firebase:firebase-installations:17.1.3] AndroidManifest.xml:17:13-19:85
162                android:name="com.google.firebase.components:com.google.firebase.installations.FirebaseInstallationsRegistrar"
162-->[com.google.firebase:firebase-installations:17.1.3] AndroidManifest.xml:18:17-127
163                android:value="com.google.firebase.components.ComponentRegistrar" />
163-->[com.google.firebase:firebase-installations:17.1.3] AndroidManifest.xml:19:17-82
164            <meta-data
164-->[com.google.firebase:firebase-datatransport:18.1.7] AndroidManifest.xml:27:13-29:85
165                android:name="com.google.firebase.components:com.google.firebase.datatransport.TransportRegistrar"
165-->[com.google.firebase:firebase-datatransport:18.1.7] AndroidManifest.xml:28:17-115
166                android:value="com.google.firebase.components.ComponentRegistrar" />
166-->[com.google.firebase:firebase-datatransport:18.1.7] AndroidManifest.xml:29:17-82
167        </service>
168        <service
168-->[:firebase_messaging] AndroidManifest.xml:16:9-19:72
169            android:name="io.flutter.plugins.firebase.messaging.FlutterFirebaseMessagingBackgroundService"
169-->[:firebase_messaging] AndroidManifest.xml:17:13-107
170            android:exported="false"
170-->[:firebase_messaging] AndroidManifest.xml:18:13-37
171            android:permission="android.permission.BIND_JOB_SERVICE" />
171-->[:firebase_messaging] AndroidManifest.xml:19:13-69
172        <service
172-->[:firebase_messaging] AndroidManifest.xml:20:9-26:19
173            android:name="io.flutter.plugins.firebase.messaging.FlutterFirebaseMessagingService"
173-->[:firebase_messaging] AndroidManifest.xml:21:13-97
174            android:exported="false" >
174-->[:firebase_messaging] AndroidManifest.xml:22:13-37
175            <intent-filter>
175-->[:firebase_messaging] AndroidManifest.xml:23:13-25:29
176                <action android:name="com.google.firebase.MESSAGING_EVENT" />
176-->[:firebase_messaging] AndroidManifest.xml:24:17-78
176-->[:firebase_messaging] AndroidManifest.xml:24:25-75
177            </intent-filter>
178        </service>
179
180        <receiver
180-->[:firebase_messaging] AndroidManifest.xml:28:9-35:20
181            android:name="io.flutter.plugins.firebase.messaging.FlutterFirebaseMessagingReceiver"
181-->[:firebase_messaging] AndroidManifest.xml:29:13-98
182            android:exported="true"
182-->[:firebase_messaging] AndroidManifest.xml:30:13-36
183            android:permission="com.google.android.c2dm.permission.SEND" >
183-->[:firebase_messaging] AndroidManifest.xml:31:13-73
184            <intent-filter>
184-->[:firebase_messaging] AndroidManifest.xml:32:13-34:29
185                <action android:name="com.google.android.c2dm.intent.RECEIVE" />
185-->[:firebase_messaging] AndroidManifest.xml:33:17-81
185-->[:firebase_messaging] AndroidManifest.xml:33:25-78
186            </intent-filter>
187        </receiver>
188
189        <provider
189-->[:firebase_messaging] AndroidManifest.xml:43:9-47:38
190            android:name="io.flutter.plugins.firebase.messaging.FlutterFirebaseMessagingInitProvider"
190-->[:firebase_messaging] AndroidManifest.xml:44:13-102
191            android:authorities="com.example.myapp.flutterfirebasemessaginginitprovider"
191-->[:firebase_messaging] AndroidManifest.xml:45:13-88
192            android:exported="false"
192-->[:firebase_messaging] AndroidManifest.xml:46:13-37
193            android:initOrder="99" />
193-->[:firebase_messaging] AndroidManifest.xml:47:13-35
194        <provider
194-->[:image_picker_android] AndroidManifest.xml:10:9-18:20
195            android:name="io.flutter.plugins.imagepicker.ImagePickerFileProvider"
195-->[:image_picker_android] AndroidManifest.xml:11:13-82
196            android:authorities="com.example.myapp.flutter.image_provider"
196-->[:image_picker_android] AndroidManifest.xml:12:13-74
197            android:exported="false"
197-->[:image_picker_android] AndroidManifest.xml:13:13-37
198            android:grantUriPermissions="true" >
198-->[:image_picker_android] AndroidManifest.xml:14:13-47
199            <meta-data
199-->[:image_picker_android] AndroidManifest.xml:15:13-17:75
200                android:name="android.support.FILE_PROVIDER_PATHS"
200-->[:image_picker_android] AndroidManifest.xml:16:17-67
201                android:resource="@xml/flutter_image_picker_file_paths" />
201-->[:image_picker_android] AndroidManifest.xml:17:17-72
202        </provider>
203
204        <receiver
204-->[:flutter_local_notifications] AndroidManifest.xml:16:9-18:40
205            android:name="com.dexterous.flutterlocalnotifications.ActionBroadcastReceiver"
205-->[:flutter_local_notifications] AndroidManifest.xml:17:13-91
206            android:exported="false" />
206-->[:flutter_local_notifications] AndroidManifest.xml:18:13-37
207        <receiver
207-->[:flutter_local_notifications] AndroidManifest.xml:19:9-21:40
208            android:name="com.dexterous.flutterlocalnotifications.ScheduledNotificationReceiver"
208-->[:flutter_local_notifications] AndroidManifest.xml:20:13-97
209            android:exported="false" />
209-->[:flutter_local_notifications] AndroidManifest.xml:21:13-37
210        <receiver
210-->[:flutter_local_notifications] AndroidManifest.xml:22:9-31:20
211            android:name="com.dexterous.flutterlocalnotifications.ScheduledNotificationBootReceiver"
211-->[:flutter_local_notifications] AndroidManifest.xml:23:13-101
212            android:exported="false" >
212-->[:flutter_local_notifications] AndroidManifest.xml:24:13-37
213            <intent-filter>
213-->[:flutter_local_notifications] AndroidManifest.xml:25:13-30:29
214                <action android:name="android.intent.action.BOOT_COMPLETED" />
214-->[:flutter_local_notifications] AndroidManifest.xml:26:17-79
214-->[:flutter_local_notifications] AndroidManifest.xml:26:25-76
215                <action android:name="android.intent.action.MY_PACKAGE_REPLACED" />
215-->[:flutter_local_notifications] AndroidManifest.xml:27:17-84
215-->[:flutter_local_notifications] AndroidManifest.xml:27:25-81
216                <action android:name="android.intent.action.QUICKBOOT_POWERON" />
216-->[:flutter_local_notifications] AndroidManifest.xml:28:17-82
216-->[:flutter_local_notifications] AndroidManifest.xml:28:25-79
217                <action android:name="com.htc.intent.action.QUICKBOOT_POWERON" />
217-->[:flutter_local_notifications] AndroidManifest.xml:29:17-82
217-->[:flutter_local_notifications] AndroidManifest.xml:29:25-79
218            </intent-filter>
219        </receiver>
220
221        <activity
221-->[:url_launcher_android] AndroidManifest.xml:10:9-13:74
222            android:name="io.flutter.plugins.urllauncher.WebViewActivity"
222-->[:url_launcher_android] AndroidManifest.xml:11:13-74
223            android:exported="false"
223-->[:url_launcher_android] AndroidManifest.xml:12:13-37
224            android:theme="@android:style/Theme.NoTitleBar.Fullscreen" />
224-->[:url_launcher_android] AndroidManifest.xml:13:13-71
225
226        <service
226-->[:location] AndroidManifest.xml:13:9-17:56
227            android:name="com.lyokone.location.FlutterLocationService"
227-->[:location] AndroidManifest.xml:14:13-71
228            android:enabled="true"
228-->[:location] AndroidManifest.xml:15:13-35
229            android:exported="false"
229-->[:location] AndroidManifest.xml:16:13-37
230            android:foregroundServiceType="location" />
230-->[:location] AndroidManifest.xml:17:13-53
231
232        <receiver
232-->[com.onesignal:OneSignal:4.8.5] AndroidManifest.xml:50:9-61:20
233            android:name="com.onesignal.FCMBroadcastReceiver"
233-->[com.onesignal:OneSignal:4.8.5] AndroidManifest.xml:51:13-62
234            android:exported="true"
234-->[com.onesignal:OneSignal:4.8.5] AndroidManifest.xml:52:13-36
235            android:permission="com.google.android.c2dm.permission.SEND" >
235-->[com.onesignal:OneSignal:4.8.5] AndroidManifest.xml:53:13-73
236
237            <!-- High priority so OneSignal payloads can be filtered from other FCM receivers -->
238            <intent-filter android:priority="999" >
238-->[com.onesignal:OneSignal:4.8.5] AndroidManifest.xml:56:13-60:29
238-->[com.onesignal:OneSignal:4.8.5] AndroidManifest.xml:56:28-50
239                <action android:name="com.google.android.c2dm.intent.RECEIVE" />
239-->[:firebase_messaging] AndroidManifest.xml:33:17-81
239-->[:firebase_messaging] AndroidManifest.xml:33:25-78
240
241                <category android:name="com.example.myapp" />
241-->[com.onesignal:OneSignal:4.8.5] AndroidManifest.xml:59:17-61
241-->[com.onesignal:OneSignal:4.8.5] AndroidManifest.xml:59:27-58
242            </intent-filter>
243        </receiver>
244
245        <service
245-->[com.onesignal:OneSignal:4.8.5] AndroidManifest.xml:63:9-69:19
246            android:name="com.onesignal.HmsMessageServiceOneSignal"
246-->[com.onesignal:OneSignal:4.8.5] AndroidManifest.xml:64:13-68
247            android:exported="false" >
247-->[com.onesignal:OneSignal:4.8.5] AndroidManifest.xml:65:13-37
248            <intent-filter>
248-->[com.onesignal:OneSignal:4.8.5] AndroidManifest.xml:66:13-68:29
249                <action android:name="com.huawei.push.action.MESSAGING_EVENT" />
249-->[com.onesignal:OneSignal:4.8.5] AndroidManifest.xml:67:17-81
249-->[com.onesignal:OneSignal:4.8.5] AndroidManifest.xml:67:25-78
250            </intent-filter>
251        </service>
252
253        <activity
253-->[com.onesignal:OneSignal:4.8.5] AndroidManifest.xml:71:9-79:20
254            android:name="com.onesignal.NotificationOpenedActivityHMS"
254-->[com.onesignal:OneSignal:4.8.5] AndroidManifest.xml:72:13-71
255            android:exported="true"
255-->[com.onesignal:OneSignal:4.8.5] AndroidManifest.xml:73:13-36
256            android:noHistory="true"
256-->[com.onesignal:OneSignal:4.8.5] AndroidManifest.xml:74:13-37
257            android:theme="@android:style/Theme.Translucent.NoTitleBar" >
257-->[com.onesignal:OneSignal:4.8.5] AndroidManifest.xml:75:13-72
258            <intent-filter>
258-->[com.onesignal:OneSignal:4.8.5] AndroidManifest.xml:76:13-78:29
259                <action android:name="android.intent.action.VIEW" />
259-->[com.onesignal:OneSignal:4.8.5] AndroidManifest.xml:77:17-69
259-->[com.onesignal:OneSignal:4.8.5] AndroidManifest.xml:77:25-66
260            </intent-filter>
261        </activity>
262
263        <service
263-->[com.onesignal:OneSignal:4.8.5] AndroidManifest.xml:81:9-83:40
264            android:name="com.onesignal.FCMIntentService"
264-->[com.onesignal:OneSignal:4.8.5] AndroidManifest.xml:82:13-58
265            android:exported="false" />
265-->[com.onesignal:OneSignal:4.8.5] AndroidManifest.xml:83:13-37
266        <service
266-->[com.onesignal:OneSignal:4.8.5] AndroidManifest.xml:84:9-87:72
267            android:name="com.onesignal.FCMIntentJobService"
267-->[com.onesignal:OneSignal:4.8.5] AndroidManifest.xml:85:13-61
268            android:exported="false"
268-->[com.onesignal:OneSignal:4.8.5] AndroidManifest.xml:86:13-37
269            android:permission="android.permission.BIND_JOB_SERVICE" />
269-->[com.onesignal:OneSignal:4.8.5] AndroidManifest.xml:87:13-69
270        <service
270-->[com.onesignal:OneSignal:4.8.5] AndroidManifest.xml:88:9-91:43
271            android:name="com.onesignal.SyncService"
271-->[com.onesignal:OneSignal:4.8.5] AndroidManifest.xml:89:13-53
272            android:exported="false"
272-->[com.onesignal:OneSignal:4.8.5] AndroidManifest.xml:90:13-37
273            android:stopWithTask="true" />
273-->[com.onesignal:OneSignal:4.8.5] AndroidManifest.xml:91:13-40
274        <service
274-->[com.onesignal:OneSignal:4.8.5] AndroidManifest.xml:92:9-95:72